2026-01-29 12:34:34.735 [main] INFO  Main - IT Management System started.
2026-01-29 12:35:35.243 [main] INFO  Main - Exiting.
2026-01-29 12:35:38.777 [main] INFO  Main - IT Management System started.
2026-01-29 12:35:53.908 [main] WARN  InputUtils - User provided empty string input.
2026-01-29 12:36:03.229 [main] WARN  InputUtils - User provided empty string input.
2026-01-29 12:36:03.365 [main] WARN  InputUtils - User provided empty string input.
2026-01-29 12:36:03.510 [main] WARN  InputUtils - User provided empty string input.
2026-01-29 12:36:03.662 [main] WARN  InputUtils - User provided empty string input.
2026-01-29 12:36:03.805 [main] WARN  InputUtils - User provided empty string input.
2026-01-29 12:36:03.925 [main] WARN  InputUtils - User provided empty string input.
2026-01-29 12:36:53.489 [main] INFO  EmployeeManager - Employee added: Zuza (ID: 12)
2026-01-29 12:37:26.755 [main] INFO  EmployeeManager - Employee added: Zuza (ID: 12)
2026-01-29 12:38:15.231 [main] INFO  Main - Exiting.
2026-01-29 12:41:56.535 [main] INFO  Main - IT Management System started.
2026-01-29 12:42:05.108 [main] ERROR EmployeeManager - Load failed
java.io.FileNotFoundException: data.bin (The system cannot find the file specified)
	at java.base/java.io.FileInputStream.open0(Native Method) ~[?:?]
	at java.base/java.io.FileInputStream.open(FileInputStream.java:215) ~[?:?]
	at java.base/java.io.FileInputStream.<init>(FileInputStream.java:153) ~[?:?]
	at java.base/java.io.FileInputStream.<init>(FileInputStream.java:106) ~[?:?]
	at org.example.service.EmployeeManager.loadFromFile(EmployeeManager.java:49) [main/:?]
	at org.example.Main.main(Main.java:27) [main/:?]
2026-01-29 12:42:34.475 [main] INFO  Main - IT Management System started.
2026-01-29 12:42:51.831 [main] INFO  EmployeeManager - Employee added: zuza (ID: 12)
2026-01-29 12:42:54.737 [main] INFO  EmployeeManager - Database saved to data.bin
2026-01-29 12:43:00.258 [main] INFO  Main - Exiting.
2026-01-29 12:43:03.810 [main] INFO  Main - IT Management System started.
2026-01-29 12:43:10.650 [main] INFO  EmployeeManager - Database loaded from data.bin
